#
# There is insufficient memory for the Java Runtime Environment to continue.
# Native memory allocation (malloc) failed to allocate 2097152 bytes for AllocateHeap
# Possible reasons:
#   The system is out of physical RAM or swap space
#   The process is running with CompressedOops enabled, and the Java Heap may be blocking the growth of the native heap
# Possible solutions:
#   Reduce memory load on the system
#   Increase physical memory or swap space
#   Check if swap backing store is full
#   Decrease Java heap size (-Xmx/-Xms)
#   Decrease number of Java threads
#   Decrease Java thread stack sizes (-Xss)
#   Set larger code cache with -XX:ReservedCodeCacheSize=
#   JVM is running with Zero Based Compressed Oops mode in which the Java heap is
#     placed in the first 32GB address space. The Java Heap base address is the
#     maximum limit for the native heap growth. Please use -XX:HeapBaseMinAddress
#     to set the Java Heap base and to place the Java Heap above 32GB virtual address.
# This output file may be truncated or incomplete.
#
#  Out of Memory Error (allocation.cpp:44), pid=100408, tid=41592
#
# JRE version: OpenJDK Runtime Environment Temurin-17.0.4.1+1 (17.0.4.1+1) (build 17.0.4.1+1)
# Java VM: OpenJDK 64-Bit Server VM Temurin-17.0.4.1+1 (17.0.4.1+1, mixed mode, emulated-client, tiered, compressed oops, compressed class ptrs, g1 gc, windows-amd64)
# No core dump will be written. Minidumps are not enabled by default on client versions of Windows
#

---------------  S U M M A R Y ------------

Command Line: -Dsts.lsp.client=vscode -Dsts.log.file=/dev/null -XX:TieredStopAtLevel=1 -Xlog:jni+resolve=off -Dspring.config.location=file:c:\Users\and\.vscode\extensions\pivotal.vscode-spring-boot-1.39.0\language-server\BOOT-INF\classes\application.properties org.springframework.ide.vscode.boot.app.BootLanguageServerBootApp

Host: Intel(R) Core(TM) i7-6500U CPU @ 2.50GHz, 4 cores, 15G,  Windows 10 , 64 bit Build 19041 (10.0.19041.1889)
Time: Sun Oct  9 21:37:08 2022 SA Pacific Standard Time elapsed time: 183193.847613 seconds (2d 2h 53m 13s)

---------------  T H R E A D  ---------------

Current thread (0x000001fd0e8c80f0):  VMThread "VM Thread" [stack: 0x000000ac25e00000,0x000000ac25f00000] [id=41592]

Stack: [0x000000ac25e00000,0x000000ac25f00000]
Native frames: (J=compiled Java code, j=interpreted, Vv=VM code, C=native code)
V  [jvm.dll+0x67731a]
V  [jvm.dll+0x832284]
V  [jvm.dll+0x833a2e]
V  [jvm.dll+0x834093]
V  [jvm.dll+0x245775]
V  [jvm.dll+0xa6393]
V  [jvm.dll+0x2f59c1]
V  [jvm.dll+0x2f1640]
V  [jvm.dll+0x2d9d27]
V  [jvm.dll+0x31ce37]
V  [jvm.dll+0x83853b]
V  [jvm.dll+0x839274]
V  [jvm.dll+0x83978c]
V  [jvm.dll+0x839b64]
V  [jvm.dll+0x839c30]
V  [jvm.dll+0x7e240a]
V  [jvm.dll+0x6761a5]
C  [ucrtbase.dll+0x21bb2]
C  [KERNEL32.DLL+0x17034]
C  [ntdll.dll+0x526a1]

VM_Operation (0x000000ac279feba0): G1CollectFull, mode: safepoint, requested by thread 0x000001fd0fe001c0


---------------  P R O C E S S  ---------------

Threads class SMR info:
_java_thread_list=0x000001fd13590a20, length=23, elements={
0x000001fd0f42f750, 0x000001fd0f4303d0, 0x000001fd0f45cde0, 0x000001fd0f45f820,
0x000001fd0f460880, 0x000001fd0f484df0, 0x000001fd0f485f00, 0x000001fd0f48d3c0,
0x000001fd0f6b4960, 0x000001fd0f6c0580, 0x000001fd10e740a0, 0x000001fd0fe001c0,
0x000001fd0fdfe9b0, 0x000001fd0fdfee80, 0x000001fd0fdff350, 0x000001fd12e04110,
0x000001fd12e02dd0, 0x000001fd12e03c40, 0x000001fd12e01f60, 0x000001fd12e07ad0,
0x000001fd12e02900, 0x000001fd12e08940, 0x000001fd12e015c0
}

Java Threads: ( => current thread )
  0x000001fd0f42f750 JavaThread "Reference Handler" daemon [_thread_blocked, id=66992, stack(0x000000ac25f00000,0x000000ac26000000)]
  0x000001fd0f4303d0 JavaThread "Finalizer" daemon [_thread_blocked, id=33368, stack(0x000000ac26000000,0x000000ac26100000)]
  0x000001fd0f45cde0 JavaThread "Signal Dispatcher" daemon [_thread_blocked, id=36488, stack(0x000000ac26100000,0x000000ac26200000)]
  0x000001fd0f45f820 JavaThread "Attach Listener" daemon [_thread_blocked, id=64912, stack(0x000000ac26200000,0x000000ac26300000)]
  0x000001fd0f460880 JavaThread "Service Thread" daemon [_thread_blocked, id=50280, stack(0x000000ac26300000,0x000000ac26400000)]
  0x000001fd0f484df0 JavaThread "Monitor Deflation Thread" daemon [_thread_blocked, id=32996, stack(0x000000ac26400000,0x000000ac26500000)]
  0x000001fd0f485f00 JavaThread "C1 CompilerThread0" daemon [_thread_blocked, id=29504, stack(0x000000ac26500000,0x000000ac26600000)]
  0x000001fd0f48d3c0 JavaThread "Sweeper thread" daemon [_thread_blocked, id=78732, stack(0x000000ac26600000,0x000000ac26700000)]
  0x000001fd0f6b4960 JavaThread "Notification Thread" daemon [_thread_blocked, id=16428, stack(0x000000ac26800000,0x000000ac26900000)]
  0x000001fd0f6c0580 JavaThread "Common-Cleaner" daemon [_thread_blocked, id=54748, stack(0x000000ac26a00000,0x000000ac26b00000)]
  0x000001fd10e740a0 JavaThread "boundedElastic-evictor-1" daemon [_thread_blocked, id=70784, stack(0x000000ac26f00000,0x000000ac27000000)]
  0x000001fd0fe001c0 JavaThread "pool-9-thread-1" [_thread_blocked, id=71544, stack(0x000000ac27900000,0x000000ac27a00000)]
  0x000001fd0fdfe9b0 JavaThread "LanguageServerApp-lifecycle" [_thread_blocked, id=52704, stack(0x000000ac27a00000,0x000000ac27b00000)]
  0x000001fd0fdfee80 JavaThread "DestroyJavaVM" [_thread_blocked, id=56112, stack(0x000000ac25800000,0x000000ac25900000)]
  0x000001fd0fdff350 JavaThread "pool-10-thread-1" [_thread_in_native, id=79824, stack(0x000000ac27b00000,0x000000ac27c00000)]
  0x000001fd12e04110 JavaThread "Simple-Language-Server main thread" daemon [_thread_blocked, id=28428, stack(0x000000ac27c00000,0x000000ac27d00000)]
  0x000001fd12e02dd0 JavaThread "parallel-1" daemon [_thread_blocked, id=58668, stack(0x000000ac27f00000,0x000000ac28000000)]
  0x000001fd12e03c40 JavaThread "pool-5-thread-1" [_thread_blocked, id=65692, stack(0x000000ac28000000,0x000000ac28100000)]
  0x000001fd12e01f60 JavaThread "pool-7-thread-1" [_thread_blocked, id=13128, stack(0x000000ac25500000,0x000000ac25600000)]
  0x000001fd12e07ad0 JavaThread "parallel-2" daemon [_thread_blocked, id=94616, stack(0x000000ac25600000,0x000000ac25700000)]
  0x000001fd12e02900 JavaThread "Reconciler-1" daemon [_thread_blocked, id=103652, stack(0x000000ac26e00000,0x000000ac26f00000)]
  0x000001fd12e08940 JavaThread "parallel-3" daemon [_thread_blocked, id=63256, stack(0x000000ac27200000,0x000000ac27300000)]
  0x000001fd12e015c0 JavaThread "parallel-4" daemon [_thread_blocked, id=6112, stack(0x000000ac27500000,0x000000ac27600000)]

Other Threads:
=>0x000001fd0e8c80f0 VMThread "VM Thread" [stack: 0x000000ac25e00000,0x000000ac25f00000] [id=41592]
  0x000001fd0f6b4e30 WatcherThread [stack: 0x000000ac26900000,0x000000ac26a00000] [id=65600]
  0x000001fd7d1443c0 GCTaskThread "GC Thread#0" [stack: 0x000000ac25900000,0x000000ac25a00000] [id=33036]
  0x000001fd0f6599a0 GCTaskThread "GC Thread#1" [stack: 0x000000ac26700000,0x000000ac26800000] [id=8580]
  0x000001fd0f5c47a0 GCTaskThread "GC Thread#2" [stack: 0x000000ac26b00000,0x000000ac26c00000] [id=67148]
  0x000001fd0f5c4a50 GCTaskThread "GC Thread#3" [stack: 0x000000ac26c00000,0x000000ac26d00000] [id=63532]
  0x000001fd7d155010 ConcurrentGCThread "G1 Main Marker" [stack: 0x000000ac25a00000,0x000000ac25b00000] [id=70076]
  0x000001fd7d155930 ConcurrentGCThread "G1 Conc#0" [stack: 0x000000ac25b00000,0x000000ac25c00000] [id=35528]
  0x000001fd0e7544e0 ConcurrentGCThread "G1 Refine#0" [stack: 0x000000ac25c00000,0x000000ac25d00000] [id=24372]
  0x000001fd12e25bd0 ConcurrentGCThread "G1 Refine#1" [stack: 0x000000ac27d00000,0x000000ac27e00000] [id=72176]
  0x000001fd1167ac60 ConcurrentGCThread "G1 Refine#2" [stack: 0x000000ac27e00000,0x000000ac27f00000] [id=43556]
  0x000001fd10df2cd0 ConcurrentGCThread "G1 Refine#3" [stack: 0x000000ac28100000,0x000000ac28200000] [id=95268]
  0x000001fd7d199cb0 ConcurrentGCThread "G1 Service" [stack: 0x000000ac25d00000,0x000000ac25e00000] [id=66592]

Threads with active compile tasks:

VM state: at safepoint (normal execution)

VM Mutex/Monitor currently owned by a thread:  ([mutex/lock_event])
[0x000001fd7b034530] Threads_lock - owner thread: 0x000001fd0e8c80f0
[0x000001fd7d0d6020] Heap_lock - owner thread: 0x000001fd0fe001c0

Heap address: 0x0000000702000000, size: 4064 MB, Compressed Oops mode: Zero based, Oop shift amount: 3

CDS archive(s) not mapped
Compressed class space mapped at: 0x0000000800000000-0x0000000840000000, reserved size: 1073741824
Narrow klass base: 0x0000000800000000, Narrow klass shift: 0, Narrow klass range: 0x40000000

GC Precious Log:
 CPUs: 4 total, 4 available
 Memory: 16253M
 Large Page Support: Disabled
 NUMA Support: Disabled
 Compressed Oops: Enabled (Zero based)
 Heap Region Size: 2M
 Heap Min Capacity: 8M
 Heap Initial Capacity: 254M
 Heap Max Capacity: 4064M
 Pre-touch: Disabled
 Parallel Workers: 4
 Concurrent Workers: 1
 Concurrent Refinement Workers: 4
 Periodic GC: Disabled

Heap:
 garbage-first heap   total 110592K, used 38819K [0x0000000702000000, 0x0000000800000000)
  region size 2048K, 1 young (2048K), 0 survivors (0K)
 Metaspace       used 55157K, committed 55616K, reserved 1097728K
  class space    used 7329K, committed 7552K, reserved 1048576K

Heap Regions: E=young(eden), S=young(survivor), O=old, HS=humongous(starts), HC=humongous(continues), CS=collection set, F=free, OA=open archive, CA=closed archive, TAMS=top-at-mark-start (previous, next)
|   0|0x0000000702000000, 0x0000000702200000, 0x0000000702200000|100%| O|  |TAMS 0x0000000702200000, 0x0000000702000000| Untracked 
|   1|0x0000000702200000, 0x0000000702400000, 0x0000000702400000|100%| O|  |TAMS 0x0000000702400000, 0x0000000702200000| Untracked 
|   2|0x0000000702400000, 0x0000000702600000, 0x0000000702600000|100%| O|  |TAMS 0x0000000702600000, 0x0000000702400000| Untracked 
|   3|0x0000000702600000, 0x00000007027ffff0, 0x0000000702800000| 99%| O|  |TAMS 0x00000007027ffff0, 0x0000000702600000| Untracked 
|   4|0x0000000702800000, 0x0000000702a00000, 0x0000000702a00000|100%| O|  |TAMS 0x0000000702a00000, 0x0000000702800000| Untracked 
|   5|0x0000000702a00000, 0x0000000702bfffe8, 0x0000000702c00000| 99%| O|  |TAMS 0x0000000702bfffe8, 0x0000000702a00000| Untracked 
|   6|0x0000000702c00000, 0x0000000702dfffe8, 0x0000000702e00000| 99%| O|  |TAMS 0x0000000702dfffe8, 0x0000000702c00000| Untracked 
|   7|0x0000000702e00000, 0x0000000702fffff0, 0x0000000703000000| 99%| O|  |TAMS 0x0000000702fffff0, 0x0000000702e00000| Untracked 
|   8|0x0000000703000000, 0x00000007031ffff8, 0x0000000703200000| 99%| O|  |TAMS 0x00000007031ffff8, 0x0000000703000000| Untracked 
|   9|0x0000000703200000, 0x00000007033e7ea0, 0x0000000703400000| 95%| O|  |TAMS 0x00000007033e7ea0, 0x0000000703200000| Untracked 
|  10|0x0000000703400000, 0x00000007035fffd8, 0x0000000703600000| 99%| O|  |TAMS 0x00000007035fffd8, 0x0000000703400000| Untracked 
|  11|0x0000000703600000, 0x0000000703800000, 0x0000000703800000|100%| O|  |TAMS 0x0000000703800000, 0x0000000703600000| Untracked 
|  12|0x0000000703800000, 0x00000007039fffd0, 0x0000000703a00000| 99%| O|  |TAMS 0x00000007039fffd0, 0x0000000703800000| Untracked 
|  13|0x0000000703a00000, 0x0000000703c00000, 0x0000000703c00000|100%| O|  |TAMS 0x0000000703c00000, 0x0000000703a00000| Untracked 
|  14|0x0000000703c00000, 0x0000000703dfffc8, 0x0000000703e00000| 99%| O|  |TAMS 0x0000000703dfffc8, 0x0000000703c00000| Untracked 
|  15|0x0000000703e00000, 0x0000000703fffff0, 0x0000000704000000| 99%| O|  |TAMS 0x0000000703fffff0, 0x0000000703e00000| Untracked 
|  16|0x0000000704000000, 0x00000007041fffe8, 0x0000000704200000| 99%| O|  |TAMS 0x00000007041fffe8, 0x0000000704000000| Untracked 
|  17|0x0000000704200000, 0x00000007043ffff8, 0x0000000704400000| 99%| O|  |TAMS 0x00000007043ffff8, 0x0000000704200000| Untracked 
|  18|0x0000000704400000, 0x0000000704401260, 0x0000000704600000|  0%| O|  |TAMS 0x0000000704400000, 0x0000000704400000| Untracked 
|  19|0x0000000704600000, 0x00000007047ffff8, 0x0000000704800000| 99%| O|  |TAMS 0x00000007047ffff8, 0x0000000704600000| Untracked 
|  20|0x0000000704800000, 0x0000000704800000, 0x0000000704a00000|  0%| F|  |TAMS 0x0000000704800000, 0x0000000704800000| Untracked 
|  21|0x0000000704a00000, 0x0000000704a00000, 0x0000000704c00000|  0%| F|  |TAMS 0x0000000704a00000, 0x0000000704a00000| Untracked 
|  22|0x0000000704c00000, 0x0000000704c00000, 0x0000000704e00000|  0%| F|  |TAMS 0x0000000704c00000, 0x0000000704c00000| Untracked 
|  23|0x0000000704e00000, 0x0000000704e00000, 0x0000000705000000|  0%| F|  |TAMS 0x0000000704e00000, 0x0000000704e00000| Untracked 
|  24|0x0000000705000000, 0x0000000705000000, 0x0000000705200000|  0%| F|  |TAMS 0x0000000705000000, 0x0000000705000000| Untracked 
|  25|0x0000000705200000, 0x0000000705200000, 0x0000000705400000|  0%| F|  |TAMS 0x0000000705200000, 0x0000000705200000| Untracked 
|  26|0x0000000705400000, 0x0000000705400000, 0x0000000705600000|  0%| F|  |TAMS 0x0000000705400000, 0x0000000705400000| Untracked 
|  27|0x0000000705600000, 0x0000000705600000, 0x0000000705800000|  0%| F|  |TAMS 0x0000000705600000, 0x0000000705600000| Untracked 
|  28|0x0000000705800000, 0x0000000705800000, 0x0000000705a00000|  0%| F|  |TAMS 0x0000000705800000, 0x0000000705800000| Untracked 
|  29|0x0000000705a00000, 0x0000000705a00000, 0x0000000705c00000|  0%| F|  |TAMS 0x0000000705a00000, 0x0000000705a00000| Untracked 
|  30|0x0000000705c00000, 0x0000000705c00000, 0x0000000705e00000|  0%| F|  |TAMS 0x0000000705c00000, 0x0000000705c00000| Untracked 
|  31|0x0000000705e00000, 0x0000000705e00000, 0x0000000706000000|  0%| F|  |TAMS 0x0000000705e00000, 0x0000000705e00000| Untracked 
|  32|0x0000000706000000, 0x0000000706000000, 0x0000000706200000|  0%| F|  |TAMS 0x0000000706000000, 0x0000000706000000| Untracked 
|  33|0x0000000706200000, 0x0000000706200000, 0x0000000706400000|  0%| F|  |TAMS 0x0000000706200000, 0x0000000706200000| Untracked 
|  34|0x0000000706400000, 0x0000000706400000, 0x0000000706600000|  0%| F|  |TAMS 0x0000000706400000, 0x0000000706400000| Untracked 
|  35|0x0000000706600000, 0x0000000706600000, 0x0000000706800000|  0%| F|  |TAMS 0x0000000706600000, 0x0000000706600000| Untracked 
|  36|0x0000000706800000, 0x0000000706800000, 0x0000000706a00000|  0%| F|  |TAMS 0x0000000706800000, 0x0000000706800000| Untracked 
|  37|0x0000000706a00000, 0x0000000706a00000, 0x0000000706c00000|  0%| F|  |TAMS 0x0000000706a00000, 0x0000000706a00000| Untracked 
|  38|0x0000000706c00000, 0x0000000706c00000, 0x0000000706e00000|  0%| F|  |TAMS 0x0000000706c00000, 0x0000000706c00000| Untracked 
|  39|0x0000000706e00000, 0x0000000706e00000, 0x0000000707000000|  0%| F|  |TAMS 0x0000000706e00000, 0x0000000706e00000| Untracked 
|  40|0x0000000707000000, 0x0000000707000000, 0x0000000707200000|  0%| F|  |TAMS 0x0000000707000000, 0x0000000707000000| Untracked 
|  41|0x0000000707200000, 0x0000000707200000, 0x0000000707400000|  0%| F|  |TAMS 0x0000000707200000, 0x0000000707200000| Untracked 
|  42|0x0000000707400000, 0x0000000707400000, 0x0000000707600000|  0%| F|  |TAMS 0x0000000707400000, 0x0000000707400000| Untracked 
|  43|0x0000000707600000, 0x0000000707600000, 0x0000000707800000|  0%| F|  |TAMS 0x0000000707600000, 0x0000000707600000| Untracked 
|  44|0x0000000707800000, 0x0000000707800000, 0x0000000707a00000|  0%| F|  |TAMS 0x0000000707800000, 0x0000000707800000| Untracked 
|  45|0x0000000707a00000, 0x0000000707a00000, 0x0000000707c00000|  0%| F|  |TAMS 0x0000000707a00000, 0x0000000707a00000| Untracked 
|  46|0x0000000707c00000, 0x0000000707c00000, 0x0000000707e00000|  0%| F|  |TAMS 0x0000000707c00000, 0x0000000707c00000| Untracked 
|  47|0x0000000707e00000, 0x0000000707e00000, 0x0000000708000000|  0%| F|  |TAMS 0x0000000707e00000, 0x0000000707e00000| Untracked 
|  48|0x0000000708000000, 0x0000000708000000, 0x0000000708200000|  0%| F|  |TAMS 0x0000000708000000, 0x0000000708000000| Untracked 
|  49|0x0000000708200000, 0x0000000708200000, 0x0000000708400000|  0%| F|  |TAMS 0x0000000708200000, 0x0000000708200000| Untracked 
|  50|0x0000000708400000, 0x0000000708400000, 0x0000000708600000|  0%| F|  |TAMS 0x0000000708400000, 0x0000000708400000| Untracked 
|  51|0x0000000708600000, 0x0000000708600000, 0x0000000708800000|  0%| F|  |TAMS 0x0000000708600000, 0x0000000708600000| Untracked 
|  52|0x0000000708800000, 0x0000000708800000, 0x0000000708a00000|  0%| F|  |TAMS 0x0000000708800000, 0x0000000708800000| Untracked 
|  53|0x0000000708a00000, 0x0000000708a058a8, 0x0000000708c00000|  1%| E|  |TAMS 0x0000000708a00000, 0x0000000708a00000| Complete 

Card table byte_map: [0x000001fd037f0000,0x000001fd03fe0000] _byte_map_base: 0x000001fcfffe0000

Marking Bits (Prev, Next): (CMBitMap*) 0x000001fd7d1448e0, (CMBitMap*) 0x000001fd7d144920
 Prev Bits: [0x000001fd047d0000, 0x000001fd08750000)
 Next Bits: [0x000001fd08750000, 0x000001fd0c6d0000)

Polling page: 0x000001fd7afa0000

Metaspace:

Usage:
  Non-class:     46.71 MB used.
      Class:      7.16 MB used.
       Both:     53.86 MB used.

Virtual space:
  Non-class space:       48.00 MB reserved,      46.94 MB ( 98%) committed,  6 nodes.
      Class space:        1.00 GB reserved,       7.38 MB ( <1%) committed,  1 nodes.
             Both:        1.05 GB reserved,      54.31 MB (  5%) committed. 

Chunk freelists:
   Non-Class:  323.00 KB
       Class:  624.00 KB
        Both:  947.00 KB

MaxMetaspaceSize: unlimited
CompressedClassSpaceSize: 1.00 GB
Initial GC threshold: 21.00 MB
Current GC threshold: 90.44 MB
CDS: off
MetaspaceReclaimPolicy: balanced
 - commit_granule_bytes: 65536.
 - commit_granule_words: 8192.
 - virtual_space_node_default_size: 1048576.
 - enlarge_chunks_in_place: 1.
 - new_chunks_are_fully_committed: 0.
 - uncommit_free_chunks: 1.
 - use_allocation_guard: 0.
 - handle_deallocations: 1.


Internal statistics:

num_allocs_failed_limit: 10.
num_arena_births: 866.
num_arena_deaths: 398.
num_vsnodes_births: 7.
num_vsnodes_deaths: 0.
num_space_committed: 874.
num_space_uncommitted: 5.
num_chunks_returned_to_freelist: 534.
num_chunks_taken_from_freelist: 2890.
num_chunk_merges: 154.
num_chunk_splits: 1800.
num_chunks_enlarged: 1293.
num_purges: 40.
num_inconsistent_stats: 0.

CodeCache: size=49152Kb used=23537Kb max_used=24142Kb free=25614Kb
 bounds [0x000001fd00000000, 0x000001fd01820000, 0x000001fd03000000]
 total_blobs=12331 nmethods=11716 adapters=540
 compilation: enabled
              stopped_count=0, restarted_count=0
 full_count=0

Compilation events (20 events):
Event: 89072.896 Thread 0x000001fd0f485f00 11926   !   1       java.util.ArrayList::batchRemove (184 bytes)
Event: 89072.899 Thread 0x000001fd0f485f00 nmethod 11926 0x000001fd00a34610 code [0x000001fd00a34820, 0x000001fd00a34e78]
Event: 89073.190 Thread 0x000001fd0f485f00 11927       1       ch.qos.logback.classic.Logger::debug (15 bytes)
Event: 89073.191 Thread 0x000001fd0f485f00 nmethod 11927 0x000001fd00a34310 code [0x000001fd00a344a0, 0x000001fd00a345a8]
Event: 89073.658 Thread 0x000001fd0f485f00 11928   !   1       org.springframework.ide.vscode.boot.metadata.types.TypeUtil::getAllowedValues (257 bytes)
Event: 89073.664 Thread 0x000001fd0f485f00 nmethod 11928 0x000001fd00a2ab90 code [0x000001fd00a2b0a0, 0x000001fd00a2cfb8]
Event: 89075.251 Thread 0x000001fd0f485f00 11929       1       java.net.URI::decode (73 bytes)
Event: 89075.252 Thread 0x000001fd0f485f00 nmethod 11929 0x000001fd00a2a590 code [0x000001fd00a2a740, 0x000001fd00a2a8b8]
Event: 89076.068 Thread 0x000001fd0f485f00 11930       1       org.springframework.ide.vscode.boot.java.handlers.BootJavaHoverProvider::lambda$provideHover$1 (36 bytes)
Event: 89076.069 Thread 0x000001fd0f485f00 nmethod 11930 0x000001fd00a33b90 code [0x000001fd00a33d60, 0x000001fd00a340e8]
Event: 89076.069 Thread 0x000001fd0f485f00 11931       1       org.eclipse.lsp4j.adapters.HoverTypeAdapter::write (10 bytes)
Event: 89076.069 Thread 0x000001fd0f485f00 nmethod 11931 0x000001fd00a33710 code [0x000001fd00a338a0, 0x000001fd00a339a8]
Event: 89076.069 Thread 0x000001fd0f485f00 11932       1       org.eclipse.lsp4j.adapters.HoverTypeAdapter::write (53 bytes)
Event: 89076.069 Thread 0x000001fd0f485f00 nmethod 11932 0x000001fd0121fb90 code [0x000001fd0121fd80, 0x000001fd0121ffc8]
Event: 89076.069 Thread 0x000001fd0f485f00 11933       1       org.eclipse.lsp4j.adapters.HoverTypeAdapter::writeContents (104 bytes)
Event: 89076.070 Thread 0x000001fd0f485f00 nmethod 11933 0x000001fd0121f490 code [0x000001fd0121f680, 0x000001fd0121f988]
Event: 89076.070 Thread 0x000001fd0f485f00 11934       1       org.eclipse.lsp4j.adapters.HoverTypeAdapter::writeRange (12 bytes)
Event: 89076.070 Thread 0x000001fd0f485f00 nmethod 11934 0x000001fd0121f110 code [0x000001fd0121f2a0, 0x000001fd0121f3a8]
Event: 90433.696 Thread 0x000001fd0f485f00 11935   !   1       java.util.concurrent.ThreadPoolExecutor::runWorker (187 bytes)
Event: 90433.697 Thread 0x000001fd0f485f00 nmethod 11935 0x000001fd0121e210 code [0x000001fd0121e460, 0x000001fd0121eb78]

GC Heap History (20 events):
Event: 183090.582 GC heap before
{Heap before GC invocations=5752 (full 5256):
 garbage-first heap   total 110592K, used 38819K [0x0000000702000000, 0x0000000800000000)
  region size 2048K, 1 young (2048K), 0 survivors (0K)
 Metaspace       used 55157K, committed 55616K, reserved 1097728K
  class space    used 7329K, committed 7552K, reserved 1048576K
}
Event: 183090.652 GC heap after
{Heap after GC invocations=5753 (full 5257):
 garbage-first heap   total 110592K, used 38819K [0x0000000702000000, 0x0000000800000000)
  region size 2048K, 0 young (0K), 0 survivors (0K)
 Metaspace       used 55157K, committed 55616K, reserved 1097728K
  class space    used 7329K, committed 7552K, reserved 1048576K
}
Event: 183100.861 GC heap before
{Heap before GC invocations=5753 (full 5257):
 garbage-first heap   total 110592K, used 38819K [0x0000000702000000, 0x0000000800000000)
  region size 2048K, 1 young (2048K), 0 survivors (0K)
 Metaspace       used 55157K, committed 55616K, reserved 1097728K
  class space    used 7329K, committed 7552K, reserved 1048576K
}
Event: 183100.931 GC heap after
{Heap after GC invocations=5754 (full 5258):
 garbage-first heap   total 110592K, used 38819K [0x0000000702000000, 0x0000000800000000)
  region size 2048K, 0 young (0K), 0 survivors (0K)
 Metaspace       used 55157K, committed 55616K, reserved 1097728K
  class space    used 7329K, committed 7552K, reserved 1048576K
}
Event: 183111.149 GC heap before
{Heap before GC invocations=5754 (full 5258):
 garbage-first heap   total 110592K, used 38819K [0x0000000702000000, 0x0000000800000000)
  region size 2048K, 1 young (2048K), 0 survivors (0K)
 Metaspace       used 55157K, committed 55616K, reserved 1097728K
  class space    used 7329K, committed 7552K, reserved 1048576K
}
Event: 183111.216 GC heap after
{Heap after GC invocations=5755 (full 5259):
 garbage-first heap   total 110592K, used 38819K [0x0000000702000000, 0x0000000800000000)
  region size 2048K, 0 young (0K), 0 survivors (0K)
 Metaspace       used 55157K, committed 55616K, reserved 1097728K
  class space    used 7329K, committed 7552K, reserved 1048576K
}
Event: 183121.437 GC heap before
{Heap before GC invocations=5755 (full 5259):
 garbage-first heap   total 110592K, used 38819K [0x0000000702000000, 0x0000000800000000)
  region size 2048K, 1 young (2048K), 0 survivors (0K)
 Metaspace       used 55157K, committed 55616K, reserved 1097728K
  class space    used 7329K, committed 7552K, reserved 1048576K
}
Event: 183121.509 GC heap after
{Heap after GC invocations=5756 (full 5260):
 garbage-first heap   total 110592K, used 38819K [0x0000000702000000, 0x0000000800000000)
  region size 2048K, 0 young (0K), 0 survivors (0K)
 Metaspace       used 55157K, committed 55616K, reserved 1097728K
  class space    used 7329K, committed 7552K, reserved 1048576K
}
Event: 183131.780 GC heap before
{Heap before GC invocations=5756 (full 5260):
 garbage-first heap   total 110592K, used 38819K [0x0000000702000000, 0x0000000800000000)
  region size 2048K, 1 young (2048K), 0 survivors (0K)
 Metaspace       used 55157K, committed 55616K, reserved 1097728K
  class space    used 7329K, committed 7552K, reserved 1048576K
}
Event: 183131.856 GC heap after
{Heap after GC invocations=5757 (full 5261):
 garbage-first heap   total 110592K, used 38819K [0x0000000702000000, 0x0000000800000000)
  region size 2048K, 0 young (0K), 0 survivors (0K)
 Metaspace       used 55157K, committed 55616K, reserved 1097728K
  class space    used 7329K, committed 7552K, reserved 1048576K
}
Event: 183142.051 GC heap before
{Heap before GC invocations=5757 (full 5261):
 garbage-first heap   total 110592K, used 38819K [0x0000000702000000, 0x0000000800000000)
  region size 2048K, 1 young (2048K), 0 survivors (0K)
 Metaspace       used 55157K, committed 55616K, reserved 1097728K
  class space    used 7329K, committed 7552K, reserved 1048576K
}
Event: 183142.117 GC heap after
{Heap after GC invocations=5758 (full 5262):
 garbage-first heap   total 110592K, used 38819K [0x0000000702000000, 0x0000000800000000)
  region size 2048K, 0 young (0K), 0 survivors (0K)
 Metaspace       used 55157K, committed 55616K, reserved 1097728K
  class space    used 7329K, committed 7552K, reserved 1048576K
}
Event: 183152.800 GC heap before
{Heap before GC invocations=5758 (full 5262):
 garbage-first heap   total 110592K, used 38819K [0x0000000702000000, 0x0000000800000000)
  region size 2048K, 1 young (2048K), 0 survivors (0K)
 Metaspace       used 55157K, committed 55616K, reserved 1097728K
  class space    used 7329K, committed 7552K, reserved 1048576K
}
Event: 183152.889 GC heap after
{Heap after GC invocations=5759 (full 5263):
 garbage-first heap   total 110592K, used 38819K [0x0000000702000000, 0x0000000800000000)
  region size 2048K, 0 young (0K), 0 survivors (0K)
 Metaspace       used 55157K, committed 55616K, reserved 1097728K
  class space    used 7329K, committed 7552K, reserved 1048576K
}
Event: 183163.117 GC heap before
{Heap before GC invocations=5759 (full 5263):
 garbage-first heap   total 110592K, used 38819K [0x0000000702000000, 0x0000000800000000)
  region size 2048K, 1 young (2048K), 0 survivors (0K)
 Metaspace       used 55157K, committed 55616K, reserved 1097728K
  class space    used 7329K, committed 7552K, reserved 1048576K
}
Event: 183163.215 GC heap after
{Heap after GC invocations=5760 (full 5264):
 garbage-first heap   total 110592K, used 38819K [0x0000000702000000, 0x0000000800000000)
  region size 2048K, 0 young (0K), 0 survivors (0K)
 Metaspace       used 55157K, committed 55616K, reserved 1097728K
  class space    used 7329K, committed 7552K, reserved 1048576K
}
Event: 183173.445 GC heap before
{Heap before GC invocations=5760 (full 5264):
 garbage-first heap   total 110592K, used 38819K [0x0000000702000000, 0x0000000800000000)
  region size 2048K, 1 young (2048K), 0 survivors (0K)
 Metaspace       used 55157K, committed 55616K, reserved 1097728K
  class space    used 7329K, committed 7552K, reserved 1048576K
}
Event: 183173.503 GC heap after
{Heap after GC invocations=5761 (full 5265):
 garbage-first heap   total 110592K, used 38819K [0x0000000702000000, 0x0000000800000000)
  region size 2048K, 0 young (0K), 0 survivors (0K)
 Metaspace       used 55157K, committed 55616K, reserved 1097728K
  class space    used 7329K, committed 7552K, reserved 1048576K
}
Event: 183183.712 GC heap before
{Heap before GC invocations=5761 (full 5265):
 garbage-first heap   total 110592K, used 38819K [0x0000000702000000, 0x0000000800000000)
  region size 2048K, 1 young (2048K), 0 survivors (0K)
 Metaspace       used 55157K, committed 55616K, reserved 1097728K
  class space    used 7329K, committed 7552K, reserved 1048576K
}
Event: 183183.783 GC heap after
{Heap after GC invocations=5762 (full 5266):
 garbage-first heap   total 110592K, used 38819K [0x0000000702000000, 0x0000000800000000)
  region size 2048K, 0 young (0K), 0 survivors (0K)
 Metaspace       used 55157K, committed 55616K, reserved 1097728K
  class space    used 7329K, committed 7552K, reserved 1048576K
}

Deoptimization events (20 events):
Event: 58439.227 Thread 0x000001fd12e04f80 DEOPT PACKING pc=0x000001fd0052e0bc sp=0x000000ac26dfe0e0
Event: 58439.227 Thread 0x000001fd12e04f80 DEOPT UNPACKING pc=0x000001fd00052b43 sp=0x000000ac26dfd710 mode 0
Event: 58439.228 Thread 0x000001fd12e04f80 DEOPT PACKING pc=0x000001fd0127308c sp=0x000000ac26dfe440
Event: 58439.228 Thread 0x000001fd12e04f80 DEOPT UNPACKING pc=0x000001fd00052b43 sp=0x000000ac26dfd960 mode 0
Event: 58439.247 Thread 0x000001fd12e04f80 DEOPT PACKING pc=0x000001fd0121e95d sp=0x000000ac26dfe490
Event: 58439.247 Thread 0x000001fd12e04f80 DEOPT UNPACKING pc=0x000001fd00052b43 sp=0x000000ac26dfd990 mode 3
Event: 58449.515 Thread 0x000001fd12e04f80 DEOPT PACKING pc=0x000001fd00f548ce sp=0x000000ac26dfe0a0
Event: 58449.515 Thread 0x000001fd12e04f80 DEOPT UNPACKING pc=0x000001fd00052b43 sp=0x000000ac26dfd628 mode 0
Event: 58503.399 Thread 0x000001fd12e08e10 DEOPT PACKING pc=0x000001fd01209cd1 sp=0x000000ac274fe900
Event: 58503.399 Thread 0x000001fd12e08e10 DEOPT UNPACKING pc=0x000001fd00052b43 sp=0x000000ac274fdde8 mode 3
Event: 58503.752 Thread 0x000001fd12e03c40 DEOPT PACKING pc=0x000001fd00723946 sp=0x000000ac280fd970
Event: 58503.752 Thread 0x000001fd12e03c40 DEOPT UNPACKING pc=0x000001fd00052b43 sp=0x000000ac280fce90 mode 3
Event: 83980.039 Thread 0x000001fd12e02900 DEOPT PACKING pc=0x000001fd014f68c5 sp=0x000000ac26efd900
Event: 83980.039 Thread 0x000001fd12e02900 DEOPT UNPACKING pc=0x000001fd00052b43 sp=0x000000ac26efce68 mode 3
Event: 84492.209 Thread 0x000001fd1324f4d0 DEOPT PACKING pc=0x000001fd00e473ca sp=0x000000ac28bfe120
Event: 84492.209 Thread 0x000001fd1324f4d0 DEOPT UNPACKING pc=0x000001fd00052b43 sp=0x000000ac28bfd668 mode 3
Event: 85165.750 Thread 0x000001fd12e08470 DEOPT PACKING pc=0x000001fd00ffc644 sp=0x000000ac26dfdf90
Event: 85165.750 Thread 0x000001fd12e08470 DEOPT UNPACKING pc=0x000001fd00052b43 sp=0x000000ac26dfd520 mode 0
Event: 88728.246 Thread 0x000001fd1324dcc0 DEOPT PACKING pc=0x000001fd0161e1d7 sp=0x000000ac257fd7e0
Event: 88728.246 Thread 0x000001fd1324dcc0 DEOPT UNPACKING pc=0x000001fd00052b43 sp=0x000000ac257fd218 mode 3

Classes unloaded (20 events):
Event: 88457.801 Thread 0x000001fd0e8c80f0 Unloading class 0x0000000800760c00 'jdk/internal/reflect/GeneratedConstructorAccessor84'
Event: 88457.801 Thread 0x000001fd0e8c80f0 Unloading class 0x0000000800760800 'jdk/internal/reflect/GeneratedMethodAccessor82'
Event: 88457.801 Thread 0x000001fd0e8c80f0 Unloading class 0x0000000800741c00 'jdk/internal/reflect/GeneratedConstructorAccessor83'
Event: 88457.801 Thread 0x000001fd0e8c80f0 Unloading class 0x0000000800521400 'jdk/internal/reflect/GeneratedMethodAccessor81'
Event: 88457.801 Thread 0x000001fd0e8c80f0 Unloading class 0x0000000800660800 'jdk/internal/reflect/GeneratedMethodAccessor80'
Event: 88457.801 Thread 0x000001fd0e8c80f0 Unloading class 0x0000000800662000 'jdk/internal/reflect/GeneratedMethodAccessor79'
Event: 88834.417 Thread 0x000001fd0e8c80f0 Unloading class 0x0000000800761000 'jdk/internal/reflect/GeneratedMethodAccessor88'
Event: 88834.417 Thread 0x000001fd0e8c80f0 Unloading class 0x0000000800760c00 'jdk/internal/reflect/GeneratedConstructorAccessor86'
Event: 88834.417 Thread 0x000001fd0e8c80f0 Unloading class 0x0000000800760800 'jdk/internal/reflect/GeneratedMethodAccessor87'
Event: 88834.417 Thread 0x000001fd0e8c80f0 Unloading class 0x0000000800662000 'jdk/internal/reflect/GeneratedConstructorAccessor85'
Event: 88834.417 Thread 0x000001fd0e8c80f0 Unloading class 0x0000000800660800 'jdk/internal/reflect/GeneratedMethodAccessor86'
Event: 88834.417 Thread 0x000001fd0e8c80f0 Unloading class 0x0000000800521400 'jdk/internal/reflect/GeneratedMethodAccessor85'
Event: 88834.417 Thread 0x000001fd0e8c80f0 Unloading class 0x0000000800741c00 'jdk/internal/reflect/GeneratedMethodAccessor84'
Event: 89157.510 Thread 0x000001fd0e8c80f0 Unloading class 0x0000000800761000 'jdk/internal/reflect/GeneratedMethodAccessor93'
Event: 89157.510 Thread 0x000001fd0e8c80f0 Unloading class 0x0000000800760c00 'jdk/internal/reflect/GeneratedConstructorAccessor88'
Event: 89157.510 Thread 0x000001fd0e8c80f0 Unloading class 0x0000000800760800 'jdk/internal/reflect/GeneratedMethodAccessor92'
Event: 89157.510 Thread 0x000001fd0e8c80f0 Unloading class 0x0000000800741c00 'jdk/internal/reflect/GeneratedConstructorAccessor87'
Event: 89157.510 Thread 0x000001fd0e8c80f0 Unloading class 0x0000000800521400 'jdk/internal/reflect/GeneratedMethodAccessor91'
Event: 89157.510 Thread 0x000001fd0e8c80f0 Unloading class 0x0000000800660800 'jdk/internal/reflect/GeneratedMethodAccessor90'
Event: 89157.510 Thread 0x000001fd0e8c80f0 Unloading class 0x0000000800662000 'jdk/internal/reflect/GeneratedMethodAccessor89'

Classes redefined (0 events):
No events

Internal exceptions (20 events):
Event: 89080.832 Thread 0x000001fd12e02900 Exception <a 'sun/nio/fs/WindowsException'{0x0000000707995c00}> (0x0000000707995c00) 
thrown [s\src\hotspot\share\prims\jni.cpp, line 516]
Event: 89080.832 Thread 0x000001fd12e02900 Exception <a 'sun/nio/fs/WindowsException'{0x0000000707996290}> (0x0000000707996290) 
thrown [s\src\hotspot\share\prims\jni.cpp, line 516]
Event: 89080.832 Thread 0x000001fd12e02900 Exception <a 'sun/nio/fs/WindowsException'{0x00000007079965e8}> (0x00000007079965e8) 
thrown [s\src\hotspot\share\prims\jni.cpp, line 516]
Event: 89080.832 Thread 0x000001fd12e02900 Exception <a 'sun/nio/fs/WindowsException'{0x00000007079975c0}> (0x00000007079975c0) 
thrown [s\src\hotspot\share\prims\jni.cpp, line 516]
Event: 89080.832 Thread 0x000001fd12e02900 Exception <a 'sun/nio/fs/WindowsException'{0x0000000707997950}> (0x0000000707997950) 
thrown [s\src\hotspot\share\prims\jni.cpp, line 516]
Event: 89080.833 Thread 0x000001fd12e02900 Exception <a 'sun/nio/fs/WindowsException'{0x0000000707998678}> (0x0000000707998678) 
thrown [s\src\hotspot\share\prims\jni.cpp, line 516]
Event: 89080.833 Thread 0x000001fd12e02900 Exception <a 'sun/nio/fs/WindowsException'{0x0000000707998d48}> (0x0000000707998d48) 
thrown [s\src\hotspot\share\prims\jni.cpp, line 516]
Event: 89080.839 Thread 0x000001fd12e02900 Exception <a 'sun/nio/fs/WindowsException'{0x00000007079990c0}> (0x00000007079990c0) 
thrown [s\src\hotspot\share\prims\jni.cpp, line 516]
Event: 89080.840 Thread 0x000001fd12e02900 Exception <a 'sun/nio/fs/WindowsException'{0x000000070799a0d0}> (0x000000070799a0d0) 
thrown [s\src\hotspot\share\prims\jni.cpp, line 516]
Event: 89080.840 Thread 0x000001fd12e02900 Exception <a 'sun/nio/fs/WindowsException'{0x000000070799a488}> (0x000000070799a488) 
thrown [s\src\hotspot\share\prims\jni.cpp, line 516]
Event: 89080.841 Thread 0x000001fd12e02900 Exception <a 'sun/nio/fs/WindowsException'{0x000000070799b1b0}> (0x000000070799b1b0) 
thrown [s\src\hotspot\share\prims\jni.cpp, line 516]
Event: 89080.841 Thread 0x000001fd12e02900 Exception <a 'sun/nio/fs/WindowsException'{0x000000070799b880}> (0x000000070799b880) 
thrown [s\src\hotspot\share\prims\jni.cpp, line 516]
Event: 89080.841 Thread 0x000001fd12e02900 Exception <a 'sun/nio/fs/WindowsException'{0x000000070799bbf8}> (0x000000070799bbf8) 
thrown [s\src\hotspot\share\prims\jni.cpp, line 516]
Event: 89080.841 Thread 0x000001fd12e02900 Exception <a 'sun/nio/fs/WindowsException'{0x000000070799cc08}> (0x000000070799cc08) 
thrown [s\src\hotspot\share\prims\jni.cpp, line 516]
Event: 89080.841 Thread 0x000001fd12e02900 Exception <a 'sun/nio/fs/WindowsException'{0x000000070799cfc0}> (0x000000070799cfc0) 
thrown [s\src\hotspot\share\prims\jni.cpp, line 516]
Event: 89080.842 Thread 0x000001fd12e02900 Exception <a 'sun/nio/fs/WindowsException'{0x000000070799dcd0}> (0x000000070799dcd0) 
thrown [s\src\hotspot\share\prims\jni.cpp, line 516]
Event: 89080.842 Thread 0x000001fd12e02900 Exception <a 'sun/nio/fs/WindowsException'{0x000000070799e360}> (0x000000070799e360) 
thrown [s\src\hotspot\share\prims\jni.cpp, line 516]
Event: 89080.842 Thread 0x000001fd12e02900 Exception <a 'sun/nio/fs/WindowsException'{0x000000070799e6b8}> (0x000000070799e6b8) 
thrown [s\src\hotspot\share\prims\jni.cpp, line 516]
Event: 89080.842 Thread 0x000001fd12e02900 Exception <a 'sun/nio/fs/WindowsException'{0x000000070799f690}> (0x000000070799f690) 
thrown [s\src\hotspot\share\prims\jni.cpp, line 516]
Event: 89080.842 Thread 0x000001fd12e02900 Exception <a 'sun/nio/fs/WindowsException'{0x000000070799fa20}> (0x000000070799fa20) 
thrown [s\src\hotspot\share\prims\jni.cpp, line 516]

VM Operations (20 events):
Event: 183090.652 Executing VM operation: G1CollectFull done
Event: 183100.861 Executing VM operation: G1CollectFull
Event: 183100.932 Executing VM operation: G1CollectFull done
Event: 183111.149 Executing VM operation: G1CollectFull
Event: 183111.217 Executing VM operation: G1CollectFull done
Event: 183121.437 Executing VM operation: G1CollectFull
Event: 183121.509 Executing VM operation: G1CollectFull done
Event: 183131.780 Executing VM operation: G1CollectFull
Event: 183131.856 Executing VM operation: G1CollectFull done
Event: 183142.051 Executing VM operation: G1CollectFull
Event: 183142.117 Executing VM operation: G1CollectFull done
Event: 183152.800 Executing VM operation: G1CollectFull
Event: 183152.889 Executing VM operation: G1CollectFull done
Event: 183163.116 Executing VM operation: G1CollectFull
Event: 183163.215 Executing VM operation: G1CollectFull done
Event: 183173.445 Executing VM operation: G1CollectFull
Event: 183173.503 Executing VM operation: G1CollectFull done
Event: 183183.712 Executing VM operation: G1CollectFull
Event: 183183.783 Executing VM operation: G1CollectFull done
Event: 183193.842 Executing VM operation: G1CollectFull

Events (20 events):
Event: 88812.571 Thread 0x000001fd13250340 Thread exited: 0x000001fd13250340
Event: 88871.041 Thread 0x000001fd1324e190 Thread exited: 0x000001fd1324e190
Event: 88887.771 Thread 0x000001fd1324eb30 Thread added: 0x000001fd1324eb30
Event: 88887.778 Thread 0x000001fd1324f9a0 Thread added: 0x000001fd1324f9a0
Event: 88889.786 Thread 0x000001fd1324fe70 Thread added: 0x000001fd1324fe70
Event: 88890.087 Thread 0x000001fd13250810 Thread added: 0x000001fd13250810
Event: 88906.358 Thread 0x000001fd1324f000 Thread added: 0x000001fd1324f000
Event: 88938.754 Thread 0x000001fd1324dcc0 Thread added: 0x000001fd1324dcc0
Event: 88980.153 Thread 0x000001fd1324eb30 Thread exited: 0x000001fd1324eb30
Event: 89069.644 Thread 0x000001fd1324f4d0 Thread added: 0x000001fd1324f4d0
Event: 89069.735 Thread 0x000001fd1324e190 Thread added: 0x000001fd1324e190
Event: 89069.869 Thread 0x000001fd1324e660 Thread added: 0x000001fd1324e660
Event: 89129.909 Thread 0x000001fd1324e190 Thread exited: 0x000001fd1324e190
Event: 89129.952 Thread 0x000001fd1324e660 Thread exited: 0x000001fd1324e660
Event: 89129.992 Thread 0x000001fd13250810 Thread exited: 0x000001fd13250810
Event: 89130.077 Thread 0x000001fd1324f000 Thread exited: 0x000001fd1324f000
Event: 89139.770 Thread 0x000001fd1324fe70 Thread exited: 0x000001fd1324fe70
Event: 89141.822 Thread 0x000001fd1324f9a0 Thread exited: 0x000001fd1324f9a0
Event: 89141.825 Thread 0x000001fd1324f4d0 Thread exited: 0x000001fd1324f4d0
Event: 89201.823 Thread 0x000001fd1324dcc0 Thread exited: 0x000001fd1324dcc0


Dynamic libraries:
0x00007ff788a90000 - 0x00007ff788a9e000 	c:\Users\and\.vscode\extensions\redhat.java-1.11.0-win32-x64\jre\17.0.4.1-win32-x86_64\bin\java.exe
0x00007ff9d2850000 - 0x00007ff9d2a48000 	C:\WINDOWS\SYSTEM32\ntdll.dll
0x00007ff9d0a80000 - 0x00007ff9d0b3d000 	C:\WINDOWS\System32\KERNEL32.DLL
0x00007ff9d0200000 - 0x00007ff9d04ce000 	C:\WINDOWS\System32\KERNELBASE.dll
0x00007ff9cd740000 - 0x00007ff9cd7d0000 	C:\WINDOWS\SYSTEM32\apphelp.dll
0x00007ff9d0630000 - 0x00007ff9d0730000 	C:\WINDOWS\System32\ucrtbase.dll
0x00007ff9a8680000 - 0x00007ff9a8699000 	c:\Users\and\.vscode\extensions\redhat.java-1.11.0-win32-x64\jre\17.0.4.1-win32-x86_64\bin\VCRUNTIME140.dll
0x00007ff9a5cc0000 - 0x00007ff9a5cd8000 	c:\Users\and\.vscode\extensions\redhat.java-1.11.0-win32-x64\jre\17.0.4.1-win32-x86_64\bin\jli.dll
0x00007ff9d2040000 - 0x00007ff9d21e0000 	C:\WINDOWS\System32\USER32.dll
0x00007ff9d0880000 - 0x00007ff9d08a2000 	C:\WINDOWS\System32\win32u.dll
0x00007ff9c01b0000 - 0x00007ff9c044a000 	C:\WINDOWS\WinSxS\amd64_microsoft.windows.common-controls_6595b64144ccf1df_6.0.19041.1110_none_60b5254171f9507e\COMCTL32.dll
0x00007ff9d2270000 - 0x00007ff9d229a000 	C:\WINDOWS\System32\GDI32.dll
0x00007ff9d1d90000 - 0x00007ff9d1e2e000 	C:\WINDOWS\System32\msvcrt.dll
0x00007ff9d00f0000 - 0x00007ff9d01fb000 	C:\WINDOWS\System32\gdi32full.dll
0x00007ff9d07e0000 - 0x00007ff9d087d000 	C:\WINDOWS\System32\msvcp_win.dll
0x00007ff9d1b10000 - 0x00007ff9d1b40000 	C:\WINDOWS\System32\IMM32.DLL
0x00007ff9c9db0000 - 0x00007ff9c9dbc000 	c:\Users\and\.vscode\extensions\redhat.java-1.11.0-win32-x64\jre\17.0.4.1-win32-x86_64\bin\vcruntime140_1.dll
0x00007ff98f8d0000 - 0x00007ff98f961000 	c:\Users\and\.vscode\extensions\redhat.java-1.11.0-win32-x64\jre\17.0.4.1-win32-x86_64\bin\msvcp140.dll
0x00007ff976cd0000 - 0x00007ff977916000 	c:\Users\and\.vscode\extensions\redhat.java-1.11.0-win32-x64\jre\17.0.4.1-win32-x86_64\bin\server\jvm.dll
0x00007ff9d0d40000 - 0x00007ff9d0dee000 	C:\WINDOWS\System32\ADVAPI32.dll
0x00007ff9d1cf0000 - 0x00007ff9d1d8c000 	C:\WINDOWS\System32\sechost.dll
0x00007ff9d19e0000 - 0x00007ff9d1b05000 	C:\WINDOWS\System32\RPCRT4.dll
0x00007ff9d0a70000 - 0x00007ff9d0a78000 	C:\WINDOWS\System32\PSAPI.DLL
0x00007ff9c0610000 - 0x00007ff9c0637000 	C:\WINDOWS\SYSTEM32\WINMM.dll
0x00007ff9b0700000 - 0x00007ff9b0709000 	C:\WINDOWS\SYSTEM32\WSOCK32.dll
0x00007ff9d1e30000 - 0x00007ff9d1e9b000 	C:\WINDOWS\System32\WS2_32.dll
0x00007ff9c7bc0000 - 0x00007ff9c7bca000 	C:\WINDOWS\SYSTEM32\VERSION.dll
0x00007ff9cde00000 - 0x00007ff9cde12000 	C:\WINDOWS\SYSTEM32\kernel.appcore.dll
0x00007ff9c1360000 - 0x00007ff9c136a000 	c:\Users\and\.vscode\extensions\redhat.java-1.11.0-win32-x64\jre\17.0.4.1-win32-x86_64\bin\jimage.dll
0x00007ff9be370000 - 0x00007ff9be554000 	C:\WINDOWS\SYSTEM32\DBGHELP.DLL
0x00007ff9be270000 - 0x00007ff9be29c000 	C:\WINDOWS\SYSTEM32\dbgcore.DLL
0x00007ff9cff70000 - 0x00007ff9cfff2000 	C:\WINDOWS\System32\bcryptPrimitives.dll
0x00007ff9a5d20000 - 0x00007ff9a5d45000 	c:\Users\and\.vscode\extensions\redhat.java-1.11.0-win32-x64\jre\17.0.4.1-win32-x86_64\bin\java.dll
0x00007ff9a0ea0000 - 0x00007ff9a0eb8000 	c:\Users\and\.vscode\extensions\redhat.java-1.11.0-win32-x64\jre\17.0.4.1-win32-x86_64\bin\zip.dll
0x00007ff9d1290000 - 0x00007ff9d19d3000 	C:\WINDOWS\System32\SHELL32.dll
0x00007ff9ce000000 - 0x00007ff9ce795000 	C:\WINDOWS\SYSTEM32\windows.storage.dll
0x00007ff9d0df0000 - 0x00007ff9d1144000 	C:\WINDOWS\System32\combase.dll
0x00007ff9cf8f0000 - 0x00007ff9cf920000 	C:\WINDOWS\SYSTEM32\Wldp.dll
0x00007ff9d0910000 - 0x00007ff9d09bd000 	C:\WINDOWS\System32\SHCORE.dll
0x00007ff9d1fe0000 - 0x00007ff9d2035000 	C:\WINDOWS\System32\shlwapi.dll
0x00007ff9cfeb0000 - 0x00007ff9cfecf000 	C:\WINDOWS\SYSTEM32\profapi.dll
0x00007ff992910000 - 0x00007ff992929000 	C:\Users\and\.vscode\extensions\redhat.java-1.11.0-win32-x64\jre\17.0.4.1-win32-x86_64\bin\net.dll
0x00007ff9c1220000 - 0x00007ff9c132a000 	C:\WINDOWS\SYSTEM32\WINHTTP.dll
0x00007ff9cf6d0000 - 0x00007ff9cf73a000 	C:\WINDOWS\system32\mswsock.dll
0x00007ff9928f0000 - 0x00007ff992905000 	C:\Users\and\.vscode\extensions\redhat.java-1.11.0-win32-x64\jre\17.0.4.1-win32-x86_64\bin\nio.dll
0x00007ff9af0d0000 - 0x00007ff9af0e0000 	c:\Users\and\.vscode\extensions\redhat.java-1.11.0-win32-x64\jre\17.0.4.1-win32-x86_64\bin\verify.dll
0x00007ff9cae20000 - 0x00007ff9cae29000 	C:\Users\and\.vscode\extensions\redhat.java-1.11.0-win32-x64\jre\17.0.4.1-win32-x86_64\bin\management.dll
0x00007ff9cae10000 - 0x00007ff9cae1b000 	C:\Users\and\.vscode\extensions\redhat.java-1.11.0-win32-x64\jre\17.0.4.1-win32-x86_64\bin\management_ext.dll
0x00007ff9890f0000 - 0x00007ff989107000 	C:\WINDOWS\system32\napinsp.dll
0x00007ff9890d0000 - 0x00007ff9890eb000 	C:\WINDOWS\system32\pnrpnsp.dll
0x00007ff9cada0000 - 0x00007ff9cadb5000 	C:\WINDOWS\system32\wshbth.dll
0x00007ff9cb920000 - 0x00007ff9cb93d000 	C:\WINDOWS\system32\NLAapi.dll
0x00007ff9cf390000 - 0x00007ff9cf3cb000 	C:\WINDOWS\SYSTEM32\IPHLPAPI.DLL
0x00007ff9cf3e0000 - 0x00007ff9cf4aa000 	C:\WINDOWS\SYSTEM32\DNSAPI.dll
0x00007ff9d1270000 - 0x00007ff9d1278000 	C:\WINDOWS\System32\NSI.dll
0x00007ff9890b0000 - 0x00007ff9890c2000 	C:\WINDOWS\System32\winrnr.dll
0x00007ff9bad60000 - 0x00007ff9bad6a000 	C:\Windows\System32\rasadhlp.dll
0x00007ff9c16b0000 - 0x00007ff9c1730000 	C:\WINDOWS\System32\fwpuclnt.dll
0x00007ff9d0070000 - 0x00007ff9d0097000 	C:\WINDOWS\System32\bcrypt.dll
0x00007ff9cfc30000 - 0x00007ff9cfc48000 	C:\WINDOWS\SYSTEM32\CRYPTSP.dll
0x00007ff9cf000000 - 0x00007ff9cf034000 	C:\WINDOWS\system32\rsaenh.dll
0x00007ff9cfe70000 - 0x00007ff9cfe9e000 	C:\WINDOWS\SYSTEM32\USERENV.dll
0x00007ff9cf860000 - 0x00007ff9cf86c000 	C:\WINDOWS\SYSTEM32\CRYPTBASE.dll
0x00007ff9c2690000 - 0x00007ff9c26a7000 	C:\WINDOWS\SYSTEM32\dhcpcsvc6.DLL
0x00007ff9c6e70000 - 0x00007ff9c6e8d000 	C:\WINDOWS\SYSTEM32\dhcpcsvc.DLL

dbghelp: loaded successfully - version: 4.0.5 - missing functions: none
symbol engine: initialized successfully - sym options: 0x614 - pdb path: .;c:\Users\and\.vscode\extensions\redhat.java-1.11.0-win32-x64\jre\17.0.4.1-win32-x86_64\bin;C:\WINDOWS\SYSTEM32;C:\WINDOWS\WinSxS\amd64_microsoft.windows.common-controls_6595b64144ccf1df_6.0.19041.1110_none_60b5254171f9507e;c:\Users\and\.vscode\extensions\redhat.java-1.11.0-win32-x64\jre\17.0.4.1-win32-x86_64\bin\server

VM Arguments:
jvm_args: -Dsts.lsp.client=vscode -Dsts.log.file=/dev/null -XX:TieredStopAtLevel=1 -Xlog:jni+resolve=off -Dspring.config.location=file:c:\Users\and\.vscode\extensions\pivotal.vscode-spring-boot-1.39.0\language-server\BOOT-INF\classes\application.properties 
java_command: org.springframework.ide.vscode.boot.app.BootLanguageServerBootApp
java_class_path (initial): c:\Users\and\.vscode\extensions\pivotal.vscode-spring-boot-1.39.0\language-server\BOOT-INF\classes;c:\Users\and\.vscode\extensions\pivotal.vscode-spring-boot-1.39.0\language-server\BOOT-INF\lib\annotations-23.0.0.jar;c:\Users\and\.vscode\extensions\pivotal.vscode-spring-boot-1.39.0\language-server\BOOT-INF\lib\antlr-runtime-3.5.2.jar;c:\Users\and\.vscode\extensions\pivotal.vscode-spring-boot-1.39.0\language-server\BOOT-INF\lib\antlr4-4.9.3.jar;c:\Users\and\.vscode\extensions\pivotal.vscode-spring-boot-1.39.0\language-server\BOOT-INF\lib\antlr4-runtime-4.9.3.jar;c:\Users\and\.vscode\extensions\pivotal.vscode-spring-boot-1.39.0\language-server\BOOT-INF\lib\asm-9.3.jar;c:\Users\and\.vscode\extensions\pivotal.vscode-spring-boot-1.39.0\language-server\BOOT-INF\lib\asm-analysis-9.3.jar;c:\Users\and\.vscode\extensions\pivotal.vscode-spring-boot-1.39.0\language-server\BOOT-INF\lib\asm-tree-9.3.jar;c:\Users\and\.vscode\extensions\pivotal.vscode-spring-boot-1.39.0\language-server\BOOT-INF\lib\asm-util-9.3.jar;c:\Users\and\.vscode\extensions\pivotal.vscode-spring-boot-1.39.0\language-server\BOOT-INF\lib\byte-buddy-1.12.13.jar;c:\Users\and\.vscode\extensions\pivotal.vscode-spring-boot-1.39.0\language-server\BOOT-INF\lib\caffeine-2.9.3.jar;c:\Users\and\.vscode\extensions\pivotal.vscode-spring-boot-1.39.0\language-server\BOOT-INF\lib\checker-qual-3.12.0.jar;c:\Users\and\.vscode\extensions\pivotal.vscode-spring-boot-1.39.0\language-server\BOOT-INF\lib\classgraph-4.8.149.jar;c:\Users\and\.vscode\extensions\pivotal.vscode-spring-boot-1.39.0\language-server\BOOT-INF\lib\commons-codec-1.15.jar;c:\Users\and\.vscode\extensions\pivotal.vscode-spring-boot-1.39.0\language-server\BOOT-INF\lib\commons-compress-1.21.jar;c:\Users\and\.vscode\extensions\pivotal.vscode-spring-boot-1.39.0\language-server\BOOT-INF\lib\commons-exec-1.3.jar;c:\Users\and\.vscode\extensions\pivotal.vscode-spring-boot-1.39.0\language-server\BOOT-INF\lib\commons-io-2.4.jar;c:\Users\and\.vsco
Launcher Type: SUN_STANDARD

[Global flags]
     intx CICompilerCount                          = 3                                         {product} {ergonomic}
     uint ConcGCThreads                            = 1                                         {product} {ergonomic}
     uint G1ConcRefinementThreads                  = 4                                         {product} {ergonomic}
   size_t G1HeapRegionSize                         = 2097152                                   {product} {ergonomic}
    uintx GCDrainStackTargetSize                   = 64                                        {product} {ergonomic}
   size_t InitialHeapSize                          = 266338304                                 {product} {ergonomic}
   size_t MarkStackSize                            = 4194304                                   {product} {ergonomic}
   size_t MaxHeapSize                              = 4261412864                                {product} {ergonomic}
   size_t MaxNewSize                               = 2556428288                                {product} {ergonomic}
   size_t MinHeapDeltaBytes                        = 2097152                                   {product} {ergonomic}
   size_t MinHeapSize                              = 8388608                                   {product} {ergonomic}
    uintx NonProfiledCodeHeapSize                  = 0                                      {pd product} {ergonomic}
     bool ProfileInterpreter                       = false                                  {pd product} {command line}
    uintx ProfiledCodeHeapSize                     = 0                                      {pd product} {ergonomic}
   size_t SoftMaxHeapSize                          = 4261412864                             {manageable} {ergonomic}
     intx TieredStopAtLevel                        = 1                                         {product} {command line}
     bool UseCompressedClassPointers               = true                           {product lp64_product} {ergonomic}
     bool UseCompressedOops                        = true                           {product lp64_product} {ergonomic}
     bool UseG1GC                                  = true                                      {product} {ergonomic}
     bool UseLargePagesIndividualAllocation        = false                                  {pd product} {ergonomic}

Logging:
Log output configuration:
 #0: stdout all=warning,jni+resolve=off uptime,level,tags
 #1: stderr all=off uptime,level,tags

Environment Variables:
JAVA_HOME=C:\Program Files\Eclipse Foundation\jdk-8.0.302.8-hotspot\
PATH=C:\Program Files (x86)\Common Files\Oracle\Java\javapath;C:\Program Files\Eclipse Foundation\jdk-8.0.302.8-hotspot\bin;C:\Program Files (x86)\Common Files\Intel\Shared Libraries\redist\intel64\compiler;C:\Python39\Scripts\;C:\Python39\;C:\WINDOWS\system32;C:\WINDOWS;C:\WINDOWS\System32\Wbem;C:\WINDOWS\System32\WindowsPowerShell\v1.0\;C:\WINDOWS\System32\OpenSSH\;C:\Program Files\Git\cmd;C:\Program Files\nodejs\;C:\ProgramData\chocolatey\bin;C:\xampp\php;C:\ProgramData\ComposerSetup\bin;C:\Program Files\Inkscape\bin;C:\Program Files\RedHat\java-11-openjdk-11.0.12-1\bin;C:\Program Files\dotnet\;C:\Program Files\Docker\Docker\resources\bin;C:\ProgramData\DockerDesktop\version-bin;C:\Users\and\AppData\Local\Programs\Python\Python310\Scripts\;C:\Users\and\AppData\Local\Programs\Python\Python310\;C:\Users\and\AppData\Local\Microsoft\WindowsApps;C:\Users\and\AppData\Local\Programs\Microsoft VS Code\bin;C:\Users\and\AppData\Roaming\npm;C:\Users\and\AppData\Roaming\Composer\vendor\bin;C:\Users\and\AppData\Local\GitHubDesktop\bin;C:\Program Files\heroku\bin;C:\Users\and\AppData\Roaming\npm\node_modules\@angular\cli\bin;C:\protoc-21.4-win64\protoc-gen-grpc-web;
USERNAME=and
OS=Windows_NT
PROCESSOR_IDENTIFIER=Intel64 Family 6 Model 78 Stepping 3, GenuineIntel
TMP=C:\Users\and\AppData\Local\Temp
TEMP=C:\Users\and\AppData\Local\Temp



---------------  S Y S T E M  ---------------

OS:
 Windows 10 , 64 bit Build 19041 (10.0.19041.1889)
OS uptime: 9 days 12:10 hours
Hyper-V role detected

CPU: total 4 (initial active 4) (2 cores per cpu, 2 threads per core) family 6 model 78 stepping 3 microcode 0xcc, cx8, cmov, fxsr, ht, mmx, 3dnowpref, sse, sse2, sse3, ssse3, sse4.1, sse4.2, popcnt, lzcnt, tsc, tscinvbit, avx, avx2, aes, erms, clmul, bmi1, bmi2, adx, fma, vzeroupper, clflush, clflushopt, hv

Memory: 4k page, system-wide physical 16253M (5651M free)
TotalPageFile size 18301M (AvailPageFile size 6M)
current process WorkingSet (physical memory assigned to process): 138M, peak: 1037M
current process commit charge ("private bytes"): 281M, peak: 1079M

vm_info: OpenJDK 64-Bit Server VM (17.0.4.1+1) for windows-amd64 JRE (17.0.4.1+1), built on Aug 17 2022 07:42:43 by "temurin" with MS VC++ 16.7 (VS2019)

END.
